[2023-06-08 04:24:36] local.ERROR: SQLSTATE[HY000] [1045] Access denied for user 'root'@'localhost' (using password: NO) (Connection: mysql, SQL: select * from information_schema.tables where table_schema = laravel and table_name = migrations and table_type = 'BASE TABLE') {"exception":"[object] (Illuminate\\Database\\QueryException(code: 1045): SQLSTATE[HY000] [1045] Access denied for user 'root'@'localhost' (using password: NO) (Connection: mysql, SQL: select * from information_schema.tables where table_schema = laravel and table_name = migrations and table_type = 'BASE TABLE') at /home/popoff/Lavarel/Final/gym/vendor/laravel/framework/src/Illuminate/Database/Connection.php:795)
[stacktrace]
#0 /home/popoff/Lavarel/Final/gym/vendor/laravel/framework/src/Illuminate/Database/Connection.php(755): Illuminate\\Database\\Connection->runQueryCallback()
#1 /home/popoff/Lavarel/Final/gym/vendor/laravel/framework/src/Illuminate/Database/Connection.php(424): Illuminate\\Database\\Connection->run()
#2 /home/popoff/Lavarel/Final/gym/vendor/laravel/framework/src/Illuminate/Database/Connection.php(394): Illuminate\\Database\\Connection->select()
#3 /home/popoff/Lavarel/Final/gym/vendor/laravel/framework/src/Illuminate/Database/Schema/MySqlBuilder.php(44): Illuminate\\Database\\Connection->selectFromWriteConnection()
#4 /home/popoff/Lavarel/Final/gym/vendor/laravel/framework/src/Illuminate/Database/Migrations/DatabaseMigrationRepository.php(184): Illuminate\\Database\\Schema\\MySqlBuilder->hasTable()
#5 /home/popoff/Lavarel/Final/gym/vendor/laravel/framework/src/Illuminate/Database/Migrations/Migrator.php(700): Illuminate\\Database\\Migrations\\DatabaseMigrationRepository->repositoryExists()
#6 /home/popoff/Lavarel/Final/gym/vendor/laravel/framework/src/Illuminate/Database/Console/Migrations/MigrateCommand.php(138): Illuminate\\Database\\Migrations\\Migrator->repositoryExists()
#7 /home/popoff/Lavarel/Final/gym/vendor/laravel/framework/src/Illuminate/Support/helpers.php(248): Illuminate\\Database\\Console\\Migrations\\MigrateCommand->Illuminate\\Database\\Console\\Migrations\\{closure}()
#8 /home/popoff/Lavarel/Final/gym/vendor/laravel/framework/src/Illuminate/Database/Console/Migrations/MigrateCommand.php(157): retry()
#9 /home/popoff/Lavarel/Final/gym/vendor/laravel/framework/src/Illuminate/Database/Console/Migrations/MigrateCommand.php(114): Illuminate\\Database\\Console\\Migrations\\MigrateCommand->repositoryExists()
#10 /home/popoff/Lavarel/Final/gym/vendor/laravel/framework/src/Illuminate/Database/Console/Migrations/MigrateCommand.php(82): Illuminate\\Database\\Console\\Migrations\\MigrateCommand->prepareDatabase()
#11 /home/popoff/Lavarel/Final/gym/vendor/laravel/framework/src/Illuminate/Database/Migrations/Migrator.php(633): Illuminate\\Database\\Console\\Migrations\\MigrateCommand->Illuminate\\Database\\Console\\Migrations\\{closure}()
#12 /home/popoff/Lavarel/Final/gym/vendor/laravel/framework/src/Illuminate/Database/Console/Migrations/MigrateCommand.php(102): Illuminate\\Database\\Migrations\\Migrator->usingConnection()
#13 /home/popoff/Lavarel/Final/gym/vendor/laravel/framework/src/Illuminate/Container/BoundMethod.php(36): Illuminate\\Database\\Console\\Migrations\\MigrateCommand->handle()
#14 /home/popoff/Lavarel/Final/gym/vendor/laravel/framework/src/Illuminate/Container/Util.php(41): Illuminate\\Container\\BoundMethod::Illuminate\\Container\\{closure}()
#15 /home/popoff/Lavarel/Final/gym/vendor/laravel/framework/src/Illuminate/Container/BoundMethod.php(93): Illuminate\\Container\\Util::unwrapIfClosure()
#16 /home/popoff/Lavarel/Final/gym/vendor/laravel/framework/src/Illuminate/Container/BoundMethod.php(37): Illuminate\\Container\\BoundMethod::callBoundMethod()
#17 /home/popoff/Lavarel/Final/gym/vendor/laravel/framework/src/Illuminate/Container/Container.php(662): Illuminate\\Container\\BoundMethod::call()
#18 /home/popoff/Lavarel/Final/gym/vendor/laravel/framework/src/Illuminate/Console/Command.php(208): Illuminate\\Container\\Container->call()
#19 /home/popoff/Lavarel/Final/gym/vendor/symfony/console/Command/Command.php(326): Illuminate\\Console\\Command->execute()
#20 /home/popoff/Lavarel/Final/gym/vendor/laravel/framework/src/Illuminate/Console/Command.php(178): Symfony\\Component\\Console\\Command\\Command->run()
#21 /home/popoff/Lavarel/Final/gym/vendor/symfony/console/Application.php(1081): Illuminate\\Console\\Command->run()
#22 /home/popoff/Lavarel/Final/gym/vendor/symfony/console/Application.php(320): Symfony\\Component\\Console\\Application->doRunCommand()
#23 /home/popoff/Lavarel/Final/gym/vendor/symfony/console/Application.php(174): Symfony\\Component\\Console\\Application->doRun()
#24 /home/popoff/Lavarel/Final/gym/vendor/laravel/framework/src/Illuminate/Foundation/Console/Kernel.php(200): Symfony\\Component\\Console\\Application->run()
#25 /home/popoff/Lavarel/Final/gym/artisan(37): Illuminate\\Foundation\\Console\\Kernel->handle()
#26 {main}

[previous exception] [object] (PDOException(code: 1045): SQLSTATE[HY000] [1045] Access denied for user 'root'@'localhost' (using password: NO) at /home/popoff/Lavarel/Final/gym/vendor/laravel/framework/src/Illuminate/Database/Connectors/Connector.php:65)
[stacktrace]
#0 /home/popoff/Lavarel/Final/gym/vendor/laravel/framework/src/Illuminate/Database/Connectors/Connector.php(65): PDO->__construct()
#1 /home/popoff/Lavarel/Final/gym/vendor/laravel/framework/src/Illuminate/Database/Connectors/Connector.php(45): Illuminate\\Database\\Connectors\\Connector->createPdoConnection()
#2 /home/popoff/Lavarel/Final/gym/vendor/laravel/framework/src/Illuminate/Database/Connectors/MySqlConnector.php(24): Illuminate\\Database\\Connectors\\Connector->createConnection()
#3 /home/popoff/Lavarel/Final/gym/vendor/laravel/framework/src/Illuminate/Database/Connectors/ConnectionFactory.php(184): Illuminate\\Database\\Connectors\\MySqlConnector->connect()
#4 [internal function]: Illuminate\\Database\\Connectors\\ConnectionFactory->Illuminate\\Database\\Connectors\\{closure}()
#5 /home/popoff/Lavarel/Final/gym/vendor/laravel/framework/src/Illuminate/Database/Connection.php(1275): call_user_func()
#6 /home/popoff/Lavarel/Final/gym/vendor/laravel/framework/src/Illuminate/Database/Connection.php(521): Illuminate\\Database\\Connection->getPdo()
#7 /home/popoff/Lavarel/Final/gym/vendor/laravel/framework/src/Illuminate/Database/Connection.php(416): Illuminate\\Database\\Connection->getPdoForSelect()
#8 /home/popoff/Lavarel/Final/gym/vendor/laravel/framework/src/Illuminate/Database/Connection.php(788): Illuminate\\Database\\Connection->Illuminate\\Database\\{closure}()
#9 /home/popoff/Lavarel/Final/gym/vendor/laravel/framework/src/Illuminate/Database/Connection.php(755): Illuminate\\Database\\Connection->runQueryCallback()
#10 /home/popoff/Lavarel/Final/gym/vendor/laravel/framework/src/Illuminate/Database/Connection.php(424): Illuminate\\Database\\Connection->run()
#11 /home/popoff/Lavarel/Final/gym/vendor/laravel/framework/src/Illuminate/Database/Connection.php(394): Illuminate\\Database\\Connection->select()
#12 /home/popoff/Lavarel/Final/gym/vendor/laravel/framework/src/Illuminate/Database/Schema/MySqlBuilder.php(44): Illuminate\\Database\\Connection->selectFromWriteConnection()
#13 /home/popoff/Lavarel/Final/gym/vendor/laravel/framework/src/Illuminate/Database/Migrations/DatabaseMigrationRepository.php(184): Illuminate\\Database\\Schema\\MySqlBuilder->hasTable()
#14 /home/popoff/Lavarel/Final/gym/vendor/laravel/framework/src/Illuminate/Database/Migrations/Migrator.php(700): Illuminate\\Database\\Migrations\\DatabaseMigrationRepository->repositoryExists()
#15 /home/popoff/Lavarel/Final/gym/vendor/laravel/framework/src/Illuminate/Database/Console/Migrations/MigrateCommand.php(138): Illuminate\\Database\\Migrations\\Migrator->repositoryExists()
#16 /home/popoff/Lavarel/Final/gym/vendor/laravel/framework/src/Illuminate/Support/helpers.php(248): Illuminate\\Database\\Console\\Migrations\\MigrateCommand->Illuminate\\Database\\Console\\Migrations\\{closure}()
#17 /home/popoff/Lavarel/Final/gym/vendor/laravel/framework/src/Illuminate/Database/Console/Migrations/MigrateCommand.php(157): retry()
#18 /home/popoff/Lavarel/Final/gym/vendor/laravel/framework/src/Illuminate/Database/Console/Migrations/MigrateCommand.php(114): Illuminate\\Database\\Console\\Migrations\\MigrateCommand->repositoryExists()
#19 /home/popoff/Lavarel/Final/gym/vendor/laravel/framework/src/Illuminate/Database/Console/Migrations/MigrateCommand.php(82): Illuminate\\Database\\Console\\Migrations\\MigrateCommand->prepareDatabase()
#20 /home/popoff/Lavarel/Final/gym/vendor/laravel/framework/src/Illuminate/Database/Migrations/Migrator.php(633): Illuminate\\Database\\Console\\Migrations\\MigrateCommand->Illuminate\\Database\\Console\\Migrations\\{closure}()
#21 /home/popoff/Lavarel/Final/gym/vendor/laravel/framework/src/Illuminate/Database/Console/Migrations/MigrateCommand.php(102): Illuminate\\Database\\Migrations\\Migrator->usingConnection()
#22 /home/popoff/Lavarel/Final/gym/vendor/laravel/framework/src/Illuminate/Container/BoundMethod.php(36): Illuminate\\Database\\Console\\Migrations\\MigrateCommand->handle()
#23 /home/popoff/Lavarel/Final/gym/vendor/laravel/framework/src/Illuminate/Container/Util.php(41): Illuminate\\Container\\BoundMethod::Illuminate\\Container\\{closure}()
#24 /home/popoff/Lavarel/Final/gym/vendor/laravel/framework/src/Illuminate/Container/BoundMethod.php(93): Illuminate\\Container\\Util::unwrapIfClosure()
#25 /home/popoff/Lavarel/Final/gym/vendor/laravel/framework/src/Illuminate/Container/BoundMethod.php(37): Illuminate\\Container\\BoundMethod::callBoundMethod()
#26 /home/popoff/Lavarel/Final/gym/vendor/laravel/framework/src/Illuminate/Container/Container.php(662): Illuminate\\Container\\BoundMethod::call()
#27 /home/popoff/Lavarel/Final/gym/vendor/laravel/framework/src/Illuminate/Console/Command.php(208): Illuminate\\Container\\Container->call()
#28 /home/popoff/Lavarel/Final/gym/vendor/symfony/console/Command/Command.php(326): Illuminate\\Console\\Command->execute()
#29 /home/popoff/Lavarel/Final/gym/vendor/laravel/framework/src/Illuminate/Console/Command.php(178): Symfony\\Component\\Console\\Command\\Command->run()
#30 /home/popoff/Lavarel/Final/gym/vendor/symfony/console/Application.php(1081): Illuminate\\Console\\Command->run()
#31 /home/popoff/Lavarel/Final/gym/vendor/symfony/console/Application.php(320): Symfony\\Component\\Console\\Application->doRunCommand()
#32 /home/popoff/Lavarel/Final/gym/vendor/symfony/console/Application.php(174): Symfony\\Component\\Console\\Application->doRun()
#33 /home/popoff/Lavarel/Final/gym/vendor/laravel/framework/src/Illuminate/Foundation/Console/Kernel.php(200): Symfony\\Component\\Console\\Application->run()
#34 /home/popoff/Lavarel/Final/gym/artisan(37): Illuminate\\Foundation\\Console\\Kernel->handle()
#35 {main}
"} 
[2023-06-08 04:24:55] local.ERROR: SQLSTATE[42S01]: Base table or view already exists: 1050 Table 'permissions' already exists (Connection: mysql, SQL: create table `permissions` (`id` bigint unsigned not null auto_increment primary key, `name` varchar(255) not null, `guard_name` varchar(255) not null, `created_at` timestamp null, `updated_at` timestamp null) default character set utf8mb4 collate 'utf8mb4_unicode_ci') {"exception":"[object] (Illuminate\\Database\\QueryException(code: 42S01): SQLSTATE[42S01]: Base table or view already exists: 1050 Table 'permissions' already exists (Connection: mysql, SQL: create table `permissions` (`id` bigint unsigned not null auto_increment primary key, `name` varchar(255) not null, `guard_name` varchar(255) not null, `created_at` timestamp null, `updated_at` timestamp null) default character set utf8mb4 collate 'utf8mb4_unicode_ci') at /home/popoff/Lavarel/Final/gym/vendor/laravel/framework/src/Illuminate/Database/Connection.php:795)
[stacktrace]
#0 /home/popoff/Lavarel/Final/gym/vendor/laravel/framework/src/Illuminate/Database/Connection.php(755): Illuminate\\Database\\Connection->runQueryCallback()
#1 /home/popoff/Lavarel/Final/gym/vendor/laravel/framework/src/Illuminate/Database/Connection.php(581): Illuminate\\Database\\Connection->run()
#2 /home/popoff/Lavarel/Final/gym/vendor/laravel/framework/src/Illuminate/Database/Schema/Blueprint.php(110): Illuminate\\Database\\Connection->statement()
#3 /home/popoff/Lavarel/Final/gym/vendor/laravel/framework/src/Illuminate/Database/Schema/Builder.php(439): Illuminate\\Database\\Schema\\Blueprint->build()
#4 /home/popoff/Lavarel/Final/gym/vendor/laravel/framework/src/Illuminate/Database/Schema/Builder.php(285): Illuminate\\Database\\Schema\\Builder->build()
#5 /home/popoff/Lavarel/Final/gym/vendor/laravel/framework/src/Illuminate/Support/Facades/Facade.php(353): Illuminate\\Database\\Schema\\Builder->create()
#6 /home/popoff/Lavarel/Final/gym/database/migrations/2023_06_08_042428_create_permission_tables.php(35): Illuminate\\Support\\Facades\\Facade::__callStatic()
#7 /home/popoff/Lavarel/Final/gym/vendor/laravel/framework/src/Illuminate/Database/Migrations/Migrator.php(493): CreatePermissionTables->up()
#8 /home/popoff/Lavarel/Final/gym/vendor/laravel/framework/src/Illuminate/Database/Migrations/Migrator.php(410): Illuminate\\Database\\Migrations\\Migrator->runMethod()
#9 /home/popoff/Lavarel/Final/gym/vendor/laravel/framework/src/Illuminate/Database/Migrations/Migrator.php(419): Illuminate\\Database\\Migrations\\Migrator->Illuminate\\Database\\Migrations\\{closure}()
#10 /home/popoff/Lavarel/Final/gym/vendor/laravel/framework/src/Illuminate/Database/Migrations/Migrator.php(216): Illuminate\\Database\\Migrations\\Migrator->runMigration()
#11 /home/popoff/Lavarel/Final/gym/vendor/laravel/framework/src/Illuminate/Console/View/Components/Task.php(37): Illuminate\\Database\\Migrations\\Migrator->Illuminate\\Database\\Migrations\\{closure}()
#12 /home/popoff/Lavarel/Final/gym/vendor/laravel/framework/src/Illuminate/Database/Migrations/Migrator.php(756): Illuminate\\Console\\View\\Components\\Task->render()
#13 /home/popoff/Lavarel/Final/gym/vendor/laravel/framework/src/Illuminate/Database/Migrations/Migrator.php(216): Illuminate\\Database\\Migrations\\Migrator->write()
#14 /home/popoff/Lavarel/Final/gym/vendor/laravel/framework/src/Illuminate/Database/Migrations/Migrator.php(181): Illuminate\\Database\\Migrations\\Migrator->runUp()
#15 /home/popoff/Lavarel/Final/gym/vendor/laravel/framework/src/Illuminate/Database/Migrations/Migrator.php(124): Illuminate\\Database\\Migrations\\Migrator->runPending()
#16 /home/popoff/Lavarel/Final/gym/vendor/laravel/framework/src/Illuminate/Database/Console/Migrations/MigrateCommand.php(90): Illuminate\\Database\\Migrations\\Migrator->run()
#17 /home/popoff/Lavarel/Final/gym/vendor/laravel/framework/src/Illuminate/Database/Migrations/Migrator.php(633): Illuminate\\Database\\Console\\Migrations\\MigrateCommand->Illuminate\\Database\\Console\\Migrations\\{closure}()
#18 /home/popoff/Lavarel/Final/gym/vendor/laravel/framework/src/Illuminate/Database/Console/Migrations/MigrateCommand.php(102): Illuminate\\Database\\Migrations\\Migrator->usingConnection()
#19 /home/popoff/Lavarel/Final/gym/vendor/laravel/framework/src/Illuminate/Container/BoundMethod.php(36): Illuminate\\Database\\Console\\Migrations\\MigrateCommand->handle()
#20 /home/popoff/Lavarel/Final/gym/vendor/laravel/framework/src/Illuminate/Container/Util.php(41): Illuminate\\Container\\BoundMethod::Illuminate\\Container\\{closure}()
#21 /home/popoff/Lavarel/Final/gym/vendor/laravel/framework/src/Illuminate/Container/BoundMethod.php(93): Illuminate\\Container\\Util::unwrapIfClosure()
#22 /home/popoff/Lavarel/Final/gym/vendor/laravel/framework/src/Illuminate/Container/BoundMethod.php(37): Illuminate\\Container\\BoundMethod::callBoundMethod()
#23 /home/popoff/Lavarel/Final/gym/vendor/laravel/framework/src/Illuminate/Container/Container.php(662): Illuminate\\Container\\BoundMethod::call()
#24 /home/popoff/Lavarel/Final/gym/vendor/laravel/framework/src/Illuminate/Console/Command.php(208): Illuminate\\Container\\Container->call()
#25 /home/popoff/Lavarel/Final/gym/vendor/symfony/console/Command/Command.php(326): Illuminate\\Console\\Command->execute()
#26 /home/popoff/Lavarel/Final/gym/vendor/laravel/framework/src/Illuminate/Console/Command.php(178): Symfony\\Component\\Console\\Command\\Command->run()
#27 /home/popoff/Lavarel/Final/gym/vendor/symfony/console/Application.php(1081): Illuminate\\Console\\Command->run()
#28 /home/popoff/Lavarel/Final/gym/vendor/symfony/console/Application.php(320): Symfony\\Component\\Console\\Application->doRunCommand()
#29 /home/popoff/Lavarel/Final/gym/vendor/symfony/console/Application.php(174): Symfony\\Component\\Console\\Application->doRun()
#30 /home/popoff/Lavarel/Final/gym/vendor/laravel/framework/src/Illuminate/Foundation/Console/Kernel.php(200): Symfony\\Component\\Console\\Application->run()
#31 /home/popoff/Lavarel/Final/gym/artisan(37): Illuminate\\Foundation\\Console\\Kernel->handle()
#32 {main}

[previous exception] [object] (PDOException(code: 42S01): SQLSTATE[42S01]: Base table or view already exists: 1050 Table 'permissions' already exists at /home/popoff/Lavarel/Final/gym/vendor/laravel/framework/src/Illuminate/Database/Connection.php:580)
[stacktrace]
#0 /home/popoff/Lavarel/Final/gym/vendor/laravel/framework/src/Illuminate/Database/Connection.php(580): PDOStatement->execute()
#1 /home/popoff/Lavarel/Final/gym/vendor/laravel/framework/src/Illuminate/Database/Connection.php(788): Illuminate\\Database\\Connection->Illuminate\\Database\\{closure}()
#2 /home/popoff/Lavarel/Final/gym/vendor/laravel/framework/src/Illuminate/Database/Connection.php(755): Illuminate\\Database\\Connection->runQueryCallback()
#3 /home/popoff/Lavarel/Final/gym/vendor/laravel/framework/src/Illuminate/Database/Connection.php(581): Illuminate\\Database\\Connection->run()
#4 /home/popoff/Lavarel/Final/gym/vendor/laravel/framework/src/Illuminate/Database/Schema/Blueprint.php(110): Illuminate\\Database\\Connection->statement()
#5 /home/popoff/Lavarel/Final/gym/vendor/laravel/framework/src/Illuminate/Database/Schema/Builder.php(439): Illuminate\\Database\\Schema\\Blueprint->build()
#6 /home/popoff/Lavarel/Final/gym/vendor/laravel/framework/src/Illuminate/Database/Schema/Builder.php(285): Illuminate\\Database\\Schema\\Builder->build()
#7 /home/popoff/Lavarel/Final/gym/vendor/laravel/framework/src/Illuminate/Support/Facades/Facade.php(353): Illuminate\\Database\\Schema\\Builder->create()
#8 /home/popoff/Lavarel/Final/gym/database/migrations/2023_06_08_042428_create_permission_tables.php(35): Illuminate\\Support\\Facades\\Facade::__callStatic()
#9 /home/popoff/Lavarel/Final/gym/vendor/laravel/framework/src/Illuminate/Database/Migrations/Migrator.php(493): CreatePermissionTables->up()
#10 /home/popoff/Lavarel/Final/gym/vendor/laravel/framework/src/Illuminate/Database/Migrations/Migrator.php(410): Illuminate\\Database\\Migrations\\Migrator->runMethod()
#11 /home/popoff/Lavarel/Final/gym/vendor/laravel/framework/src/Illuminate/Database/Migrations/Migrator.php(419): Illuminate\\Database\\Migrations\\Migrator->Illuminate\\Database\\Migrations\\{closure}()
#12 /home/popoff/Lavarel/Final/gym/vendor/laravel/framework/src/Illuminate/Database/Migrations/Migrator.php(216): Illuminate\\Database\\Migrations\\Migrator->runMigration()
#13 /home/popoff/Lavarel/Final/gym/vendor/laravel/framework/src/Illuminate/Console/View/Components/Task.php(37): Illuminate\\Database\\Migrations\\Migrator->Illuminate\\Database\\Migrations\\{closure}()
#14 /home/popoff/Lavarel/Final/gym/vendor/laravel/framework/src/Illuminate/Database/Migrations/Migrator.php(756): Illuminate\\Console\\View\\Components\\Task->render()
#15 /home/popoff/Lavarel/Final/gym/vendor/laravel/framework/src/Illuminate/Database/Migrations/Migrator.php(216): Illuminate\\Database\\Migrations\\Migrator->write()
#16 /home/popoff/Lavarel/Final/gym/vendor/laravel/framework/src/Illuminate/Database/Migrations/Migrator.php(181): Illuminate\\Database\\Migrations\\Migrator->runUp()
#17 /home/popoff/Lavarel/Final/gym/vendor/laravel/framework/src/Illuminate/Database/Migrations/Migrator.php(124): Illuminate\\Database\\Migrations\\Migrator->runPending()
#18 /home/popoff/Lavarel/Final/gym/vendor/laravel/framework/src/Illuminate/Database/Console/Migrations/MigrateCommand.php(90): Illuminate\\Database\\Migrations\\Migrator->run()
#19 /home/popoff/Lavarel/Final/gym/vendor/laravel/framework/src/Illuminate/Database/Migrations/Migrator.php(633): Illuminate\\Database\\Console\\Migrations\\MigrateCommand->Illuminate\\Database\\Console\\Migrations\\{closure}()
#20 /home/popoff/Lavarel/Final/gym/vendor/laravel/framework/src/Illuminate/Database/Console/Migrations/MigrateCommand.php(102): Illuminate\\Database\\Migrations\\Migrator->usingConnection()
#21 /home/popoff/Lavarel/Final/gym/vendor/laravel/framework/src/Illuminate/Container/BoundMethod.php(36): Illuminate\\Database\\Console\\Migrations\\MigrateCommand->handle()
#22 /home/popoff/Lavarel/Final/gym/vendor/laravel/framework/src/Illuminate/Container/Util.php(41): Illuminate\\Container\\BoundMethod::Illuminate\\Container\\{closure}()
#23 /home/popoff/Lavarel/Final/gym/vendor/laravel/framework/src/Illuminate/Container/BoundMethod.php(93): Illuminate\\Container\\Util::unwrapIfClosure()
#24 /home/popoff/Lavarel/Final/gym/vendor/laravel/framework/src/Illuminate/Container/BoundMethod.php(37): Illuminate\\Container\\BoundMethod::callBoundMethod()
#25 /home/popoff/Lavarel/Final/gym/vendor/laravel/framework/src/Illuminate/Container/Container.php(662): Illuminate\\Container\\BoundMethod::call()
#26 /home/popoff/Lavarel/Final/gym/vendor/laravel/framework/src/Illuminate/Console/Command.php(208): Illuminate\\Container\\Container->call()
#27 /home/popoff/Lavarel/Final/gym/vendor/symfony/console/Command/Command.php(326): Illuminate\\Console\\Command->execute()
#28 /home/popoff/Lavarel/Final/gym/vendor/laravel/framework/src/Illuminate/Console/Command.php(178): Symfony\\Component\\Console\\Command\\Command->run()
#29 /home/popoff/Lavarel/Final/gym/vendor/symfony/console/Application.php(1081): Illuminate\\Console\\Command->run()
#30 /home/popoff/Lavarel/Final/gym/vendor/symfony/console/Application.php(320): Symfony\\Component\\Console\\Application->doRunCommand()
#31 /home/popoff/Lavarel/Final/gym/vendor/symfony/console/Application.php(174): Symfony\\Component\\Console\\Application->doRun()
#32 /home/popoff/Lavarel/Final/gym/vendor/laravel/framework/src/Illuminate/Foundation/Console/Kernel.php(200): Symfony\\Component\\Console\\Application->run()
#33 /home/popoff/Lavarel/Final/gym/artisan(37): Illuminate\\Foundation\\Console\\Kernel->handle()
#34 {main}
"} 
[2023-06-08 06:43:48] local.ERROR: SQLSTATE[42S01]: Base table or view already exists: 1050 Table 'permissions' already exists (Connection: mysql, SQL: create table `permissions` (`id` bigint unsigned not null auto_increment primary key, `name` varchar(255) not null, `guard_name` varchar(255) not null, `created_at` timestamp null, `updated_at` timestamp null) default character set utf8mb4 collate 'utf8mb4_unicode_ci') {"exception":"[object] (Illuminate\\Database\\QueryException(code: 42S01): SQLSTATE[42S01]: Base table or view already exists: 1050 Table 'permissions' already exists (Connection: mysql, SQL: create table `permissions` (`id` bigint unsigned not null auto_increment primary key, `name` varchar(255) not null, `guard_name` varchar(255) not null, `created_at` timestamp null, `updated_at` timestamp null) default character set utf8mb4 collate 'utf8mb4_unicode_ci') at /home/popoff/Lavarel/Final/gym/vendor/laravel/framework/src/Illuminate/Database/Connection.php:795)
[stacktrace]
#0 /home/popoff/Lavarel/Final/gym/vendor/laravel/framework/src/Illuminate/Database/Connection.php(755): Illuminate\\Database\\Connection->runQueryCallback()
#1 /home/popoff/Lavarel/Final/gym/vendor/laravel/framework/src/Illuminate/Database/Connection.php(581): Illuminate\\Database\\Connection->run()
#2 /home/popoff/Lavarel/Final/gym/vendor/laravel/framework/src/Illuminate/Database/Schema/Blueprint.php(110): Illuminate\\Database\\Connection->statement()
#3 /home/popoff/Lavarel/Final/gym/vendor/laravel/framework/src/Illuminate/Database/Schema/Builder.php(439): Illuminate\\Database\\Schema\\Blueprint->build()
#4 /home/popoff/Lavarel/Final/gym/vendor/laravel/framework/src/Illuminate/Database/Schema/Builder.php(285): Illuminate\\Database\\Schema\\Builder->build()
#5 /home/popoff/Lavarel/Final/gym/vendor/laravel/framework/src/Illuminate/Support/Facades/Facade.php(353): Illuminate\\Database\\Schema\\Builder->create()
#6 /home/popoff/Lavarel/Final/gym/database/migrations/2023_06_08_042428_create_permission_tables.php(35): Illuminate\\Support\\Facades\\Facade::__callStatic()
#7 /home/popoff/Lavarel/Final/gym/vendor/laravel/framework/src/Illuminate/Database/Migrations/Migrator.php(493): CreatePermissionTables->up()
#8 /home/popoff/Lavarel/Final/gym/vendor/laravel/framework/src/Illuminate/Database/Migrations/Migrator.php(410): Illuminate\\Database\\Migrations\\Migrator->runMethod()
#9 /home/popoff/Lavarel/Final/gym/vendor/laravel/framework/src/Illuminate/Database/Migrations/Migrator.php(419): Illuminate\\Database\\Migrations\\Migrator->Illuminate\\Database\\Migrations\\{closure}()
#10 /home/popoff/Lavarel/Final/gym/vendor/laravel/framework/src/Illuminate/Database/Migrations/Migrator.php(216): Illuminate\\Database\\Migrations\\Migrator->runMigration()
#11 /home/popoff/Lavarel/Final/gym/vendor/laravel/framework/src/Illuminate/Console/View/Components/Task.php(37): Illuminate\\Database\\Migrations\\Migrator->Illuminate\\Database\\Migrations\\{closure}()
#12 /home/popoff/Lavarel/Final/gym/vendor/laravel/framework/src/Illuminate/Database/Migrations/Migrator.php(756): Illuminate\\Console\\View\\Components\\Task->render()
#13 /home/popoff/Lavarel/Final/gym/vendor/laravel/framework/src/Illuminate/Database/Migrations/Migrator.php(216): Illuminate\\Database\\Migrations\\Migrator->write()
#14 /home/popoff/Lavarel/Final/gym/vendor/laravel/framework/src/Illuminate/Database/Migrations/Migrator.php(181): Illuminate\\Database\\Migrations\\Migrator->runUp()
#15 /home/popoff/Lavarel/Final/gym/vendor/laravel/framework/src/Illuminate/Database/Migrations/Migrator.php(124): Illuminate\\Database\\Migrations\\Migrator->runPending()
#16 /home/popoff/Lavarel/Final/gym/vendor/laravel/framework/src/Illuminate/Database/Console/Migrations/MigrateCommand.php(90): Illuminate\\Database\\Migrations\\Migrator->run()
#17 /home/popoff/Lavarel/Final/gym/vendor/laravel/framework/src/Illuminate/Database/Migrations/Migrator.php(633): Illuminate\\Database\\Console\\Migrations\\MigrateCommand->Illuminate\\Database\\Console\\Migrations\\{closure}()
#18 /home/popoff/Lavarel/Final/gym/vendor/laravel/framework/src/Illuminate/Database/Console/Migrations/MigrateCommand.php(102): Illuminate\\Database\\Migrations\\Migrator->usingConnection()
#19 /home/popoff/Lavarel/Final/gym/vendor/laravel/framework/src/Illuminate/Container/BoundMethod.php(36): Illuminate\\Database\\Console\\Migrations\\MigrateCommand->handle()
#20 /home/popoff/Lavarel/Final/gym/vendor/laravel/framework/src/Illuminate/Container/Util.php(41): Illuminate\\Container\\BoundMethod::Illuminate\\Container\\{closure}()
#21 /home/popoff/Lavarel/Final/gym/vendor/laravel/framework/src/Illuminate/Container/BoundMethod.php(93): Illuminate\\Container\\Util::unwrapIfClosure()
#22 /home/popoff/Lavarel/Final/gym/vendor/laravel/framework/src/Illuminate/Container/BoundMethod.php(37): Illuminate\\Container\\BoundMethod::callBoundMethod()
#23 /home/popoff/Lavarel/Final/gym/vendor/laravel/framework/src/Illuminate/Container/Container.php(662): Illuminate\\Container\\BoundMethod::call()
#24 /home/popoff/Lavarel/Final/gym/vendor/laravel/framework/src/Illuminate/Console/Command.php(208): Illuminate\\Container\\Container->call()
#25 /home/popoff/Lavarel/Final/gym/vendor/symfony/console/Command/Command.php(326): Illuminate\\Console\\Command->execute()
#26 /home/popoff/Lavarel/Final/gym/vendor/laravel/framework/src/Illuminate/Console/Command.php(178): Symfony\\Component\\Console\\Command\\Command->run()
#27 /home/popoff/Lavarel/Final/gym/vendor/symfony/console/Application.php(1081): Illuminate\\Console\\Command->run()
#28 /home/popoff/Lavarel/Final/gym/vendor/symfony/console/Application.php(320): Symfony\\Component\\Console\\Application->doRunCommand()
#29 /home/popoff/Lavarel/Final/gym/vendor/symfony/console/Application.php(174): Symfony\\Component\\Console\\Application->doRun()
#30 /home/popoff/Lavarel/Final/gym/vendor/laravel/framework/src/Illuminate/Foundation/Console/Kernel.php(200): Symfony\\Component\\Console\\Application->run()
#31 /home/popoff/Lavarel/Final/gym/artisan(37): Illuminate\\Foundation\\Console\\Kernel->handle()
#32 {main}

[previous exception] [object] (PDOException(code: 42S01): SQLSTATE[42S01]: Base table or view already exists: 1050 Table 'permissions' already exists at /home/popoff/Lavarel/Final/gym/vendor/laravel/framework/src/Illuminate/Database/Connection.php:580)
[stacktrace]
#0 /home/popoff/Lavarel/Final/gym/vendor/laravel/framework/src/Illuminate/Database/Connection.php(580): PDOStatement->execute()
#1 /home/popoff/Lavarel/Final/gym/vendor/laravel/framework/src/Illuminate/Database/Connection.php(788): Illuminate\\Database\\Connection->Illuminate\\Database\\{closure}()
#2 /home/popoff/Lavarel/Final/gym/vendor/laravel/framework/src/Illuminate/Database/Connection.php(755): Illuminate\\Database\\Connection->runQueryCallback()
#3 /home/popoff/Lavarel/Final/gym/vendor/laravel/framework/src/Illuminate/Database/Connection.php(581): Illuminate\\Database\\Connection->run()
#4 /home/popoff/Lavarel/Final/gym/vendor/laravel/framework/src/Illuminate/Database/Schema/Blueprint.php(110): Illuminate\\Database\\Connection->statement()
#5 /home/popoff/Lavarel/Final/gym/vendor/laravel/framework/src/Illuminate/Database/Schema/Builder.php(439): Illuminate\\Database\\Schema\\Blueprint->build()
#6 /home/popoff/Lavarel/Final/gym/vendor/laravel/framework/src/Illuminate/Database/Schema/Builder.php(285): Illuminate\\Database\\Schema\\Builder->build()
#7 /home/popoff/Lavarel/Final/gym/vendor/laravel/framework/src/Illuminate/Support/Facades/Facade.php(353): Illuminate\\Database\\Schema\\Builder->create()
#8 /home/popoff/Lavarel/Final/gym/database/migrations/2023_06_08_042428_create_permission_tables.php(35): Illuminate\\Support\\Facades\\Facade::__callStatic()
#9 /home/popoff/Lavarel/Final/gym/vendor/laravel/framework/src/Illuminate/Database/Migrations/Migrator.php(493): CreatePermissionTables->up()
#10 /home/popoff/Lavarel/Final/gym/vendor/laravel/framework/src/Illuminate/Database/Migrations/Migrator.php(410): Illuminate\\Database\\Migrations\\Migrator->runMethod()
#11 /home/popoff/Lavarel/Final/gym/vendor/laravel/framework/src/Illuminate/Database/Migrations/Migrator.php(419): Illuminate\\Database\\Migrations\\Migrator->Illuminate\\Database\\Migrations\\{closure}()
#12 /home/popoff/Lavarel/Final/gym/vendor/laravel/framework/src/Illuminate/Database/Migrations/Migrator.php(216): Illuminate\\Database\\Migrations\\Migrator->runMigration()
#13 /home/popoff/Lavarel/Final/gym/vendor/laravel/framework/src/Illuminate/Console/View/Components/Task.php(37): Illuminate\\Database\\Migrations\\Migrator->Illuminate\\Database\\Migrations\\{closure}()
#14 /home/popoff/Lavarel/Final/gym/vendor/laravel/framework/src/Illuminate/Database/Migrations/Migrator.php(756): Illuminate\\Console\\View\\Components\\Task->render()
#15 /home/popoff/Lavarel/Final/gym/vendor/laravel/framework/src/Illuminate/Database/Migrations/Migrator.php(216): Illuminate\\Database\\Migrations\\Migrator->write()
#16 /home/popoff/Lavarel/Final/gym/vendor/laravel/framework/src/Illuminate/Database/Migrations/Migrator.php(181): Illuminate\\Database\\Migrations\\Migrator->runUp()
#17 /home/popoff/Lavarel/Final/gym/vendor/laravel/framework/src/Illuminate/Database/Migrations/Migrator.php(124): Illuminate\\Database\\Migrations\\Migrator->runPending()
#18 /home/popoff/Lavarel/Final/gym/vendor/laravel/framework/src/Illuminate/Database/Console/Migrations/MigrateCommand.php(90): Illuminate\\Database\\Migrations\\Migrator->run()
#19 /home/popoff/Lavarel/Final/gym/vendor/laravel/framework/src/Illuminate/Database/Migrations/Migrator.php(633): Illuminate\\Database\\Console\\Migrations\\MigrateCommand->Illuminate\\Database\\Console\\Migrations\\{closure}()
#20 /home/popoff/Lavarel/Final/gym/vendor/laravel/framework/src/Illuminate/Database/Console/Migrations/MigrateCommand.php(102): Illuminate\\Database\\Migrations\\Migrator->usingConnection()
#21 /home/popoff/Lavarel/Final/gym/vendor/laravel/framework/src/Illuminate/Container/BoundMethod.php(36): Illuminate\\Database\\Console\\Migrations\\MigrateCommand->handle()
#22 /home/popoff/Lavarel/Final/gym/vendor/laravel/framework/src/Illuminate/Container/Util.php(41): Illuminate\\Container\\BoundMethod::Illuminate\\Container\\{closure}()
#23 /home/popoff/Lavarel/Final/gym/vendor/laravel/framework/src/Illuminate/Container/BoundMethod.php(93): Illuminate\\Container\\Util::unwrapIfClosure()
#24 /home/popoff/Lavarel/Final/gym/vendor/laravel/framework/src/Illuminate/Container/BoundMethod.php(37): Illuminate\\Container\\BoundMethod::callBoundMethod()
#25 /home/popoff/Lavarel/Final/gym/vendor/laravel/framework/src/Illuminate/Container/Container.php(662): Illuminate\\Container\\BoundMethod::call()
#26 /home/popoff/Lavarel/Final/gym/vendor/laravel/framework/src/Illuminate/Console/Command.php(208): Illuminate\\Container\\Container->call()
#27 /home/popoff/Lavarel/Final/gym/vendor/symfony/console/Command/Command.php(326): Illuminate\\Console\\Command->execute()
#28 /home/popoff/Lavarel/Final/gym/vendor/laravel/framework/src/Illuminate/Console/Command.php(178): Symfony\\Component\\Console\\Command\\Command->run()
#29 /home/popoff/Lavarel/Final/gym/vendor/symfony/console/Application.php(1081): Illuminate\\Console\\Command->run()
#30 /home/popoff/Lavarel/Final/gym/vendor/symfony/console/Application.php(320): Symfony\\Component\\Console\\Application->doRunCommand()
#31 /home/popoff/Lavarel/Final/gym/vendor/symfony/console/Application.php(174): Symfony\\Component\\Console\\Application->doRun()
#32 /home/popoff/Lavarel/Final/gym/vendor/laravel/framework/src/Illuminate/Foundation/Console/Kernel.php(200): Symfony\\Component\\Console\\Application->run()
#33 /home/popoff/Lavarel/Final/gym/artisan(37): Illuminate\\Foundation\\Console\\Kernel->handle()
#34 {main}
"} 
[2023-06-08 06:44:52] local.ERROR: SQLSTATE[HY000] [2002] Connection refused (Connection: mysql, SQL: select * from information_schema.tables where table_schema = laravel and table_name = migrations and table_type = 'BASE TABLE') {"exception":"[object] (Illuminate\\Database\\QueryException(code: 2002): SQLSTATE[HY000] [2002] Connection refused (Connection: mysql, SQL: select * from information_schema.tables where table_schema = laravel and table_name = migrations and table_type = 'BASE TABLE') at /home/popoff/Lavarel/Final/gym/vendor/laravel/framework/src/Illuminate/Database/Connection.php:795)
[stacktrace]
#0 /home/popoff/Lavarel/Final/gym/vendor/laravel/framework/src/Illuminate/Database/Connection.php(934): Illuminate\\Database\\Connection->runQueryCallback()
#1 /home/popoff/Lavarel/Final/gym/vendor/laravel/framework/src/Illuminate/Database/Connection.php(914): Illuminate\\Database\\Connection->tryAgainIfCausedByLostConnection()
#2 /home/popoff/Lavarel/Final/gym/vendor/laravel/framework/src/Illuminate/Database/Connection.php(758): Illuminate\\Database\\Connection->handleQueryException()
#3 /home/popoff/Lavarel/Final/gym/vendor/laravel/framework/src/Illuminate/Database/Connection.php(424): Illuminate\\Database\\Connection->run()
#4 /home/popoff/Lavarel/Final/gym/vendor/laravel/framework/src/Illuminate/Database/Connection.php(394): Illuminate\\Database\\Connection->select()
#5 /home/popoff/Lavarel/Final/gym/vendor/laravel/framework/src/Illuminate/Database/Schema/MySqlBuilder.php(44): Illuminate\\Database\\Connection->selectFromWriteConnection()
#6 /home/popoff/Lavarel/Final/gym/vendor/laravel/framework/src/Illuminate/Database/Migrations/DatabaseMigrationRepository.php(184): Illuminate\\Database\\Schema\\MySqlBuilder->hasTable()
#7 /home/popoff/Lavarel/Final/gym/vendor/laravel/framework/src/Illuminate/Database/Migrations/Migrator.php(700): Illuminate\\Database\\Migrations\\DatabaseMigrationRepository->repositoryExists()
#8 /home/popoff/Lavarel/Final/gym/vendor/laravel/framework/src/Illuminate/Database/Console/Migrations/MigrateCommand.php(138): Illuminate\\Database\\Migrations\\Migrator->repositoryExists()
#9 /home/popoff/Lavarel/Final/gym/vendor/laravel/framework/src/Illuminate/Support/helpers.php(248): Illuminate\\Database\\Console\\Migrations\\MigrateCommand->Illuminate\\Database\\Console\\Migrations\\{closure}()
#10 /home/popoff/Lavarel/Final/gym/vendor/laravel/framework/src/Illuminate/Database/Console/Migrations/MigrateCommand.php(157): retry()
#11 /home/popoff/Lavarel/Final/gym/vendor/laravel/framework/src/Illuminate/Database/Console/Migrations/MigrateCommand.php(114): Illuminate\\Database\\Console\\Migrations\\MigrateCommand->repositoryExists()
#12 /home/popoff/Lavarel/Final/gym/vendor/laravel/framework/src/Illuminate/Database/Console/Migrations/MigrateCommand.php(82): Illuminate\\Database\\Console\\Migrations\\MigrateCommand->prepareDatabase()
#13 /home/popoff/Lavarel/Final/gym/vendor/laravel/framework/src/Illuminate/Database/Migrations/Migrator.php(633): Illuminate\\Database\\Console\\Migrations\\MigrateCommand->Illuminate\\Database\\Console\\Migrations\\{closure}()
#14 /home/popoff/Lavarel/Final/gym/vendor/laravel/framework/src/Illuminate/Database/Console/Migrations/MigrateCommand.php(102): Illuminate\\Database\\Migrations\\Migrator->usingConnection()
#15 /home/popoff/Lavarel/Final/gym/vendor/laravel/framework/src/Illuminate/Container/BoundMethod.php(36): Illuminate\\Database\\Console\\Migrations\\MigrateCommand->handle()
#16 /home/popoff/Lavarel/Final/gym/vendor/laravel/framework/src/Illuminate/Container/Util.php(41): Illuminate\\Container\\BoundMethod::Illuminate\\Container\\{closure}()
#17 /home/popoff/Lavarel/Final/gym/vendor/laravel/framework/src/Illuminate/Container/BoundMethod.php(93): Illuminate\\Container\\Util::unwrapIfClosure()
#18 /home/popoff/Lavarel/Final/gym/vendor/laravel/framework/src/Illuminate/Container/BoundMethod.php(37): Illuminate\\Container\\BoundMethod::callBoundMethod()
#19 /home/popoff/Lavarel/Final/gym/vendor/laravel/framework/src/Illuminate/Container/Container.php(662): Illuminate\\Container\\BoundMethod::call()
#20 /home/popoff/Lavarel/Final/gym/vendor/laravel/framework/src/Illuminate/Console/Command.php(208): Illuminate\\Container\\Container->call()
#21 /home/popoff/Lavarel/Final/gym/vendor/symfony/console/Command/Command.php(326): Illuminate\\Console\\Command->execute()
#22 /home/popoff/Lavarel/Final/gym/vendor/laravel/framework/src/Illuminate/Console/Command.php(178): Symfony\\Component\\Console\\Command\\Command->run()
#23 /home/popoff/Lavarel/Final/gym/vendor/symfony/console/Application.php(1081): Illuminate\\Console\\Command->run()
#24 /home/popoff/Lavarel/Final/gym/vendor/symfony/console/Application.php(320): Symfony\\Component\\Console\\Application->doRunCommand()
#25 /home/popoff/Lavarel/Final/gym/vendor/symfony/console/Application.php(174): Symfony\\Component\\Console\\Application->doRun()
#26 /home/popoff/Lavarel/Final/gym/vendor/laravel/framework/src/Illuminate/Foundation/Console/Kernel.php(200): Symfony\\Component\\Console\\Application->run()
#27 /home/popoff/Lavarel/Final/gym/artisan(37): Illuminate\\Foundation\\Console\\Kernel->handle()
#28 {main}

[previous exception] [object] (PDOException(code: 2002): SQLSTATE[HY000] [2002] Connection refused at /home/popoff/Lavarel/Final/gym/vendor/laravel/framework/src/Illuminate/Database/Connectors/Connector.php:65)
[stacktrace]
#0 /home/popoff/Lavarel/Final/gym/vendor/laravel/framework/src/Illuminate/Database/Connectors/Connector.php(65): PDO->__construct()
#1 /home/popoff/Lavarel/Final/gym/vendor/laravel/framework/src/Illuminate/Database/Connectors/Connector.php(83): Illuminate\\Database\\Connectors\\Connector->createPdoConnection()
#2 /home/popoff/Lavarel/Final/gym/vendor/laravel/framework/src/Illuminate/Database/Connectors/Connector.php(49): Illuminate\\Database\\Connectors\\Connector->tryAgainIfCausedByLostConnection()
#3 /home/popoff/Lavarel/Final/gym/vendor/laravel/framework/src/Illuminate/Database/Connectors/MySqlConnector.php(24): Illuminate\\Database\\Connectors\\Connector->createConnection()
#4 /home/popoff/Lavarel/Final/gym/vendor/laravel/framework/src/Illuminate/Database/Connectors/ConnectionFactory.php(184): Illuminate\\Database\\Connectors\\MySqlConnector->connect()
#5 [internal function]: Illuminate\\Database\\Connectors\\ConnectionFactory->Illuminate\\Database\\Connectors\\{closure}()
#6 /home/popoff/Lavarel/Final/gym/vendor/laravel/framework/src/Illuminate/Database/Connection.php(1275): call_user_func()
#7 /home/popoff/Lavarel/Final/gym/vendor/laravel/framework/src/Illuminate/Database/Connection.php(521): Illuminate\\Database\\Connection->getPdo()
#8 /home/popoff/Lavarel/Final/gym/vendor/laravel/framework/src/Illuminate/Database/Connection.php(416): Illuminate\\Database\\Connection->getPdoForSelect()
#9 /home/popoff/Lavarel/Final/gym/vendor/laravel/framework/src/Illuminate/Database/Connection.php(788): Illuminate\\Database\\Connection->Illuminate\\Database\\{closure}()
#10 /home/popoff/Lavarel/Final/gym/vendor/laravel/framework/src/Illuminate/Database/Connection.php(934): Illuminate\\Database\\Connection->runQueryCallback()
#11 /home/popoff/Lavarel/Final/gym/vendor/laravel/framework/src/Illuminate/Database/Connection.php(914): Illuminate\\Database\\Connection->tryAgainIfCausedByLostConnection()
#12 /home/popoff/Lavarel/Final/gym/vendor/laravel/framework/src/Illuminate/Database/Connection.php(758): Illuminate\\Database\\Connection->handleQueryException()
#13 /home/popoff/Lavarel/Final/gym/vendor/laravel/framework/src/Illuminate/Database/Connection.php(424): Illuminate\\Database\\Connection->run()
#14 /home/popoff/Lavarel/Final/gym/vendor/laravel/framework/src/Illuminate/Database/Connection.php(394): Illuminate\\Database\\Connection->select()
#15 /home/popoff/Lavarel/Final/gym/vendor/laravel/framework/src/Illuminate/Database/Schema/MySqlBuilder.php(44): Illuminate\\Database\\Connection->selectFromWriteConnection()
#16 /home/popoff/Lavarel/Final/gym/vendor/laravel/framework/src/Illuminate/Database/Migrations/DatabaseMigrationRepository.php(184): Illuminate\\Database\\Schema\\MySqlBuilder->hasTable()
#17 /home/popoff/Lavarel/Final/gym/vendor/laravel/framework/src/Illuminate/Database/Migrations/Migrator.php(700): Illuminate\\Database\\Migrations\\DatabaseMigrationRepository->repositoryExists()
#18 /home/popoff/Lavarel/Final/gym/vendor/laravel/framework/src/Illuminate/Database/Console/Migrations/MigrateCommand.php(138): Illuminate\\Database\\Migrations\\Migrator->repositoryExists()
#19 /home/popoff/Lavarel/Final/gym/vendor/laravel/framework/src/Illuminate/Support/helpers.php(248): Illuminate\\Database\\Console\\Migrations\\MigrateCommand->Illuminate\\Database\\Console\\Migrations\\{closure}()
#20 /home/popoff/Lavarel/Final/gym/vendor/laravel/framework/src/Illuminate/Database/Console/Migrations/MigrateCommand.php(157): retry()
#21 /home/popoff/Lavarel/Final/gym/vendor/laravel/framework/src/Illuminate/Database/Console/Migrations/MigrateCommand.php(114): Illuminate\\Database\\Console\\Migrations\\MigrateCommand->repositoryExists()
#22 /home/popoff/Lavarel/Final/gym/vendor/laravel/framework/src/Illuminate/Database/Console/Migrations/MigrateCommand.php(82): Illuminate\\Database\\Console\\Migrations\\MigrateCommand->prepareDatabase()
#23 /home/popoff/Lavarel/Final/gym/vendor/laravel/framework/src/Illuminate/Database/Migrations/Migrator.php(633): Illuminate\\Database\\Console\\Migrations\\MigrateCommand->Illuminate\\Database\\Console\\Migrations\\{closure}()
#24 /home/popoff/Lavarel/Final/gym/vendor/laravel/framework/src/Illuminate/Database/Console/Migrations/MigrateCommand.php(102): Illuminate\\Database\\Migrations\\Migrator->usingConnection()
#25 /home/popoff/Lavarel/Final/gym/vendor/laravel/framework/src/Illuminate/Container/BoundMethod.php(36): Illuminate\\Database\\Console\\Migrations\\MigrateCommand->handle()
#26 /home/popoff/Lavarel/Final/gym/vendor/laravel/framework/src/Illuminate/Container/Util.php(41): Illuminate\\Container\\BoundMethod::Illuminate\\Container\\{closure}()
#27 /home/popoff/Lavarel/Final/gym/vendor/laravel/framework/src/Illuminate/Container/BoundMethod.php(93): Illuminate\\Container\\Util::unwrapIfClosure()
#28 /home/popoff/Lavarel/Final/gym/vendor/laravel/framework/src/Illuminate/Container/BoundMethod.php(37): Illuminate\\Container\\BoundMethod::callBoundMethod()
#29 /home/popoff/Lavarel/Final/gym/vendor/laravel/framework/src/Illuminate/Container/Container.php(662): Illuminate\\Container\\BoundMethod::call()
#30 /home/popoff/Lavarel/Final/gym/vendor/laravel/framework/src/Illuminate/Console/Command.php(208): Illuminate\\Container\\Container->call()
#31 /home/popoff/Lavarel/Final/gym/vendor/symfony/console/Command/Command.php(326): Illuminate\\Console\\Command->execute()
#32 /home/popoff/Lavarel/Final/gym/vendor/laravel/framework/src/Illuminate/Console/Command.php(178): Symfony\\Component\\Console\\Command\\Command->run()
#33 /home/popoff/Lavarel/Final/gym/vendor/symfony/console/Application.php(1081): Illuminate\\Console\\Command->run()
#34 /home/popoff/Lavarel/Final/gym/vendor/symfony/console/Application.php(320): Symfony\\Component\\Console\\Application->doRunCommand()
#35 /home/popoff/Lavarel/Final/gym/vendor/symfony/console/Application.php(174): Symfony\\Component\\Console\\Application->doRun()
#36 /home/popoff/Lavarel/Final/gym/vendor/laravel/framework/src/Illuminate/Foundation/Console/Kernel.php(200): Symfony\\Component\\Console\\Application->run()
#37 /home/popoff/Lavarel/Final/gym/artisan(37): Illuminate\\Foundation\\Console\\Kernel->handle()
#38 {main}
"} 
[2023-06-08 06:46:26] local.ERROR: SQLSTATE[42S01]: Base table or view already exists: 1050 Table 'permissions' already exists (Connection: mysql, SQL: create table `permissions` (`id` bigint unsigned not null auto_increment primary key, `name` varchar(255) not null, `guard_name` varchar(255) not null, `created_at` timestamp null, `updated_at` timestamp null) default character set utf8mb4 collate 'utf8mb4_unicode_ci') {"exception":"[object] (Illuminate\\Database\\QueryException(code: 42S01): SQLSTATE[42S01]: Base table or view already exists: 1050 Table 'permissions' already exists (Connection: mysql, SQL: create table `permissions` (`id` bigint unsigned not null auto_increment primary key, `name` varchar(255) not null, `guard_name` varchar(255) not null, `created_at` timestamp null, `updated_at` timestamp null) default character set utf8mb4 collate 'utf8mb4_unicode_ci') at /home/popoff/Lavarel/Final/gym/vendor/laravel/framework/src/Illuminate/Database/Connection.php:795)
[stacktrace]
#0 /home/popoff/Lavarel/Final/gym/vendor/laravel/framework/src/Illuminate/Database/Connection.php(755): Illuminate\\Database\\Connection->runQueryCallback()
#1 /home/popoff/Lavarel/Final/gym/vendor/laravel/framework/src/Illuminate/Database/Connection.php(581): Illuminate\\Database\\Connection->run()
#2 /home/popoff/Lavarel/Final/gym/vendor/laravel/framework/src/Illuminate/Database/Schema/Blueprint.php(110): Illuminate\\Database\\Connection->statement()
#3 /home/popoff/Lavarel/Final/gym/vendor/laravel/framework/src/Illuminate/Database/Schema/Builder.php(439): Illuminate\\Database\\Schema\\Blueprint->build()
#4 /home/popoff/Lavarel/Final/gym/vendor/laravel/framework/src/Illuminate/Database/Schema/Builder.php(285): Illuminate\\Database\\Schema\\Builder->build()
#5 /home/popoff/Lavarel/Final/gym/vendor/laravel/framework/src/Illuminate/Support/Facades/Facade.php(353): Illuminate\\Database\\Schema\\Builder->create()
#6 /home/popoff/Lavarel/Final/gym/database/migrations/2023_06_08_042428_create_permission_tables.php(35): Illuminate\\Support\\Facades\\Facade::__callStatic()
#7 /home/popoff/Lavarel/Final/gym/vendor/laravel/framework/src/Illuminate/Database/Migrations/Migrator.php(493): CreatePermissionTables->up()
#8 /home/popoff/Lavarel/Final/gym/vendor/laravel/framework/src/Illuminate/Database/Migrations/Migrator.php(410): Illuminate\\Database\\Migrations\\Migrator->runMethod()
#9 /home/popoff/Lavarel/Final/gym/vendor/laravel/framework/src/Illuminate/Database/Migrations/Migrator.php(419): Illuminate\\Database\\Migrations\\Migrator->Illuminate\\Database\\Migrations\\{closure}()
#10 /home/popoff/Lavarel/Final/gym/vendor/laravel/framework/src/Illuminate/Database/Migrations/Migrator.php(216): Illuminate\\Database\\Migrations\\Migrator->runMigration()
#11 /home/popoff/Lavarel/Final/gym/vendor/laravel/framework/src/Illuminate/Console/View/Components/Task.php(37): Illuminate\\Database\\Migrations\\Migrator->Illuminate\\Database\\Migrations\\{closure}()
#12 /home/popoff/Lavarel/Final/gym/vendor/laravel/framework/src/Illuminate/Database/Migrations/Migrator.php(756): Illuminate\\Console\\View\\Components\\Task->render()
#13 /home/popoff/Lavarel/Final/gym/vendor/laravel/framework/src/Illuminate/Database/Migrations/Migrator.php(216): Illuminate\\Database\\Migrations\\Migrator->write()
#14 /home/popoff/Lavarel/Final/gym/vendor/laravel/framework/src/Illuminate/Database/Migrations/Migrator.php(181): Illuminate\\Database\\Migrations\\Migrator->runUp()
#15 /home/popoff/Lavarel/Final/gym/vendor/laravel/framework/src/Illuminate/Database/Migrations/Migrator.php(124): Illuminate\\Database\\Migrations\\Migrator->runPending()
#16 /home/popoff/Lavarel/Final/gym/vendor/laravel/framework/src/Illuminate/Database/Console/Migrations/MigrateCommand.php(90): Illuminate\\Database\\Migrations\\Migrator->run()
#17 /home/popoff/Lavarel/Final/gym/vendor/laravel/framework/src/Illuminate/Database/Migrations/Migrator.php(633): Illuminate\\Database\\Console\\Migrations\\MigrateCommand->Illuminate\\Database\\Console\\Migrations\\{closure}()
#18 /home/popoff/Lavarel/Final/gym/vendor/laravel/framework/src/Illuminate/Database/Console/Migrations/MigrateCommand.php(102): Illuminate\\Database\\Migrations\\Migrator->usingConnection()
#19 /home/popoff/Lavarel/Final/gym/vendor/laravel/framework/src/Illuminate/Container/BoundMethod.php(36): Illuminate\\Database\\Console\\Migrations\\MigrateCommand->handle()
#20 /home/popoff/Lavarel/Final/gym/vendor/laravel/framework/src/Illuminate/Container/Util.php(41): Illuminate\\Container\\BoundMethod::Illuminate\\Container\\{closure}()
#21 /home/popoff/Lavarel/Final/gym/vendor/laravel/framework/src/Illuminate/Container/BoundMethod.php(93): Illuminate\\Container\\Util::unwrapIfClosure()
#22 /home/popoff/Lavarel/Final/gym/vendor/laravel/framework/src/Illuminate/Container/BoundMethod.php(37): Illuminate\\Container\\BoundMethod::callBoundMethod()
#23 /home/popoff/Lavarel/Final/gym/vendor/laravel/framework/src/Illuminate/Container/Container.php(662): Illuminate\\Container\\BoundMethod::call()
#24 /home/popoff/Lavarel/Final/gym/vendor/laravel/framework/src/Illuminate/Console/Command.php(208): Illuminate\\Container\\Container->call()
#25 /home/popoff/Lavarel/Final/gym/vendor/symfony/console/Command/Command.php(326): Illuminate\\Console\\Command->execute()
#26 /home/popoff/Lavarel/Final/gym/vendor/laravel/framework/src/Illuminate/Console/Command.php(178): Symfony\\Component\\Console\\Command\\Command->run()
#27 /home/popoff/Lavarel/Final/gym/vendor/symfony/console/Application.php(1081): Illuminate\\Console\\Command->run()
#28 /home/popoff/Lavarel/Final/gym/vendor/symfony/console/Application.php(320): Symfony\\Component\\Console\\Application->doRunCommand()
#29 /home/popoff/Lavarel/Final/gym/vendor/symfony/console/Application.php(174): Symfony\\Component\\Console\\Application->doRun()
#30 /home/popoff/Lavarel/Final/gym/vendor/laravel/framework/src/Illuminate/Foundation/Console/Kernel.php(200): Symfony\\Component\\Console\\Application->run()
#31 /home/popoff/Lavarel/Final/gym/artisan(37): Illuminate\\Foundation\\Console\\Kernel->handle()
#32 {main}

[previous exception] [object] (PDOException(code: 42S01): SQLSTATE[42S01]: Base table or view already exists: 1050 Table 'permissions' already exists at /home/popoff/Lavarel/Final/gym/vendor/laravel/framework/src/Illuminate/Database/Connection.php:580)
[stacktrace]
#0 /home/popoff/Lavarel/Final/gym/vendor/laravel/framework/src/Illuminate/Database/Connection.php(580): PDOStatement->execute()
#1 /home/popoff/Lavarel/Final/gym/vendor/laravel/framework/src/Illuminate/Database/Connection.php(788): Illuminate\\Database\\Connection->Illuminate\\Database\\{closure}()
#2 /home/popoff/Lavarel/Final/gym/vendor/laravel/framework/src/Illuminate/Database/Connection.php(755): Illuminate\\Database\\Connection->runQueryCallback()
#3 /home/popoff/Lavarel/Final/gym/vendor/laravel/framework/src/Illuminate/Database/Connection.php(581): Illuminate\\Database\\Connection->run()
#4 /home/popoff/Lavarel/Final/gym/vendor/laravel/framework/src/Illuminate/Database/Schema/Blueprint.php(110): Illuminate\\Database\\Connection->statement()
#5 /home/popoff/Lavarel/Final/gym/vendor/laravel/framework/src/Illuminate/Database/Schema/Builder.php(439): Illuminate\\Database\\Schema\\Blueprint->build()
#6 /home/popoff/Lavarel/Final/gym/vendor/laravel/framework/src/Illuminate/Database/Schema/Builder.php(285): Illuminate\\Database\\Schema\\Builder->build()
#7 /home/popoff/Lavarel/Final/gym/vendor/laravel/framework/src/Illuminate/Support/Facades/Facade.php(353): Illuminate\\Database\\Schema\\Builder->create()
#8 /home/popoff/Lavarel/Final/gym/database/migrations/2023_06_08_042428_create_permission_tables.php(35): Illuminate\\Support\\Facades\\Facade::__callStatic()
#9 /home/popoff/Lavarel/Final/gym/vendor/laravel/framework/src/Illuminate/Database/Migrations/Migrator.php(493): CreatePermissionTables->up()
#10 /home/popoff/Lavarel/Final/gym/vendor/laravel/framework/src/Illuminate/Database/Migrations/Migrator.php(410): Illuminate\\Database\\Migrations\\Migrator->runMethod()
#11 /home/popoff/Lavarel/Final/gym/vendor/laravel/framework/src/Illuminate/Database/Migrations/Migrator.php(419): Illuminate\\Database\\Migrations\\Migrator->Illuminate\\Database\\Migrations\\{closure}()
#12 /home/popoff/Lavarel/Final/gym/vendor/laravel/framework/src/Illuminate/Database/Migrations/Migrator.php(216): Illuminate\\Database\\Migrations\\Migrator->runMigration()
#13 /home/popoff/Lavarel/Final/gym/vendor/laravel/framework/src/Illuminate/Console/View/Components/Task.php(37): Illuminate\\Database\\Migrations\\Migrator->Illuminate\\Database\\Migrations\\{closure}()
#14 /home/popoff/Lavarel/Final/gym/vendor/laravel/framework/src/Illuminate/Database/Migrations/Migrator.php(756): Illuminate\\Console\\View\\Components\\Task->render()
#15 /home/popoff/Lavarel/Final/gym/vendor/laravel/framework/src/Illuminate/Database/Migrations/Migrator.php(216): Illuminate\\Database\\Migrations\\Migrator->write()
#16 /home/popoff/Lavarel/Final/gym/vendor/laravel/framework/src/Illuminate/Database/Migrations/Migrator.php(181): Illuminate\\Database\\Migrations\\Migrator->runUp()
#17 /home/popoff/Lavarel/Final/gym/vendor/laravel/framework/src/Illuminate/Database/Migrations/Migrator.php(124): Illuminate\\Database\\Migrations\\Migrator->runPending()
#18 /home/popoff/Lavarel/Final/gym/vendor/laravel/framework/src/Illuminate/Database/Console/Migrations/MigrateCommand.php(90): Illuminate\\Database\\Migrations\\Migrator->run()
#19 /home/popoff/Lavarel/Final/gym/vendor/laravel/framework/src/Illuminate/Database/Migrations/Migrator.php(633): Illuminate\\Database\\Console\\Migrations\\MigrateCommand->Illuminate\\Database\\Console\\Migrations\\{closure}()
#20 /home/popoff/Lavarel/Final/gym/vendor/laravel/framework/src/Illuminate/Database/Console/Migrations/MigrateCommand.php(102): Illuminate\\Database\\Migrations\\Migrator->usingConnection()
#21 /home/popoff/Lavarel/Final/gym/vendor/laravel/framework/src/Illuminate/Container/BoundMethod.php(36): Illuminate\\Database\\Console\\Migrations\\MigrateCommand->handle()
#22 /home/popoff/Lavarel/Final/gym/vendor/laravel/framework/src/Illuminate/Container/Util.php(41): Illuminate\\Container\\BoundMethod::Illuminate\\Container\\{closure}()
#23 /home/popoff/Lavarel/Final/gym/vendor/laravel/framework/src/Illuminate/Container/BoundMethod.php(93): Illuminate\\Container\\Util::unwrapIfClosure()
#24 /home/popoff/Lavarel/Final/gym/vendor/laravel/framework/src/Illuminate/Container/BoundMethod.php(37): Illuminate\\Container\\BoundMethod::callBoundMethod()
#25 /home/popoff/Lavarel/Final/gym/vendor/laravel/framework/src/Illuminate/Container/Container.php(662): Illuminate\\Container\\BoundMethod::call()
#26 /home/popoff/Lavarel/Final/gym/vendor/laravel/framework/src/Illuminate/Console/Command.php(208): Illuminate\\Container\\Container->call()
#27 /home/popoff/Lavarel/Final/gym/vendor/symfony/console/Command/Command.php(326): Illuminate\\Console\\Command->execute()
#28 /home/popoff/Lavarel/Final/gym/vendor/laravel/framework/src/Illuminate/Console/Command.php(178): Symfony\\Component\\Console\\Command\\Command->run()
#29 /home/popoff/Lavarel/Final/gym/vendor/symfony/console/Application.php(1081): Illuminate\\Console\\Command->run()
#30 /home/popoff/Lavarel/Final/gym/vendor/symfony/console/Application.php(320): Symfony\\Component\\Console\\Application->doRunCommand()
#31 /home/popoff/Lavarel/Final/gym/vendor/symfony/console/Application.php(174): Symfony\\Component\\Console\\Application->doRun()
#32 /home/popoff/Lavarel/Final/gym/vendor/laravel/framework/src/Illuminate/Foundation/Console/Kernel.php(200): Symfony\\Component\\Console\\Application->run()
#33 /home/popoff/Lavarel/Final/gym/artisan(37): Illuminate\\Foundation\\Console\\Kernel->handle()
#34 {main}
"} 
